<?xml version="1.0" encoding="UTF-8"?>
<!-- Generated by org.testng.reporters.JUnitReportReporter -->
<testsuite skipped="0" hostname="SC-201708241537" name="testcase.me.TestCase005NicknameUpdate" tests="1" failures="0" timestamp="13 十二月 2017 17:39:27 GMT" time="1.185" errors="0">
  <testcase name="testUserNickNameUpdate" time="1.185" classname="testcase.me.TestCase005NicknameUpdate"/>
</testsuite> <!-- testcase.me.TestCase005NicknameUpdate -->
