<?xml version="1.0" encoding="UTF-8"?>
<!-- Generated by org.testng.reporters.JUnitReportReporter -->
<testsuite skipped="0" hostname="SC-201708241537" name="testcase.me.callAndSmsAlarm.TestCase003GetAlarmTypes" tests="1" failures="0" timestamp="13 十二月 2017 17:37:26 GMT" time="0.211" errors="0">
  <testcase name="testGetAlarmType" time="0.211" classname="testcase.me.callAndSmsAlarm.TestCase003GetAlarmTypes"/>
</testsuite> <!-- testcase.me.callAndSmsAlarm.TestCase003GetAlarmTypes -->
