<?xml version="1.0" encoding="UTF-8"?>
<!-- Generated by org.testng.reporters.JUnitReportReporter -->
<testsuite skipped="0" hostname="SC-201708241537" name="testcase.loginAuthentication.TestCase003Login" tests="1" failures="0" timestamp="13 十二月 2017 17:42:37 GMT" time="0.645" errors="0">
  <testcase name="testLoginSuccess" time="0.645" classname="testcase.loginAuthentication.TestCase003Login"/>
</testsuite> <!-- testcase.loginAuthentication.TestCase003Login -->
