<?xml version="1.0" encoding="UTF-8"?>
<!-- Generated by org.testng.reporters.JUnitReportReporter -->
<testsuite skipped="0" hostname="SC-201708241537" name="testcase.homepage.TestCase005DeleteAlarm" tests="1" failures="0" timestamp="13 十二月 2017 17:36:20 GMT" time="2.905" errors="0">
  <testcase name="testDeleteAlarm" time="2.905" classname="testcase.homepage.TestCase005DeleteAlarm"/>
</testsuite> <!-- testcase.homepage.TestCase005DeleteAlarm -->
