<?xml version="1.0" encoding="UTF-8"?>
<!-- Generated by org.testng.reporters.JUnitReportReporter -->
<testsuite skipped="0" hostname="SC-201708241537" name="testcase.me.setting.TestCase003UpdataMyUserShakeSwitch" tests="1" failures="0" timestamp="10 十一月 2017 05:30:31 GMT" time="0.725" errors="0">
  <testcase name="testUpdataMyUserSharkSwitch" time="0.725" classname="testcase.me.setting.TestCase003UpdataMyUserShakeSwitch"/>
</testsuite> <!-- testcase.me.setting.TestCase003UpdataMyUserShakeSwitch -->
