<?xml version="1.0" encoding="UTF-8"?>
<!-- Generated by org.testng.reporters.JUnitReportReporter -->
<testsuite skipped="0" hostname="SC-201708241537" name="testcase.loginAuthentication.TestCase001GetKaptche" tests="1" failures="0" timestamp="13 十二月 2017 17:32:41 GMT" time="0.930" errors="0">
  <testcase name="testGetKaptcha" time="0.930" classname="testcase.loginAuthentication.TestCase001GetKaptche"/>
</testsuite> <!-- testcase.loginAuthentication.TestCase001GetKaptche -->
