<?xml version="1.0" encoding="UTF-8"?>
<!-- Generated by org.testng.reporters.JUnitReportReporter -->
<testsuite skipped="0" hostname="SC-201708241537" name="testcase.loginAuthentication.TestCase001GetKaptcha" tests="1" failures="0" timestamp="18 十月 2017 08:00:45 GMT" time="0.345" errors="0">
  <testcase name="testGetKaptcha" time="0.345" classname="testcase.loginAuthentication.TestCase001GetKaptcha"/>
</testsuite> <!-- testcase.loginAuthentication.TestCase001GetKaptcha -->
