<?xml version="1.0" encoding="UTF-8"?>
<!-- Generated by org.testng.reporters.JUnitReportReporter -->
<testsuite skipped="0" hostname="SC-201708241537" name="testcase.me.setting.TestCase002UpdataMyUserVoiceSwitch" tests="1" failures="0" timestamp="10 十一月 2017 05:16:29 GMT" time="0.832" errors="0">
  <testcase name="testUpdataMyUserVoiceSwitch" time="0.832" classname="testcase.me.setting.TestCase002UpdataMyUserVoiceSwitch"/>
</testsuite> <!-- testcase.me.setting.TestCase002UpdataMyUserVoiceSwitch -->
