<?xml version="1.0" encoding="UTF-8"?>
<!-- Generated by org.testng.reporters.JUnitReportReporter -->
<testsuite skipped="0" hostname="SC-201708241537" name="testcase.homepage.TestCase003GetPayList" tests="1" failures="0" timestamp="13 十二月 2017 17:35:44 GMT" time="1.774" errors="0">
  <testcase name="testSystemList20" time="1.774" classname="testcase.homepage.TestCase003GetPayList"/>
</testsuite> <!-- testcase.homepage.TestCase003GetPayList -->
