<?xml version="1.0" encoding="UTF-8"?>
<!-- Generated by org.testng.reporters.JUnitReportReporter -->
<testsuite skipped="0" hostname="SC-201708241537" name="testcase.me.setting.TestCase005UpdataMyUsePushImgSwitch" tests="1" failures="0" timestamp="10 十一月 2017 05:50:23 GMT" time="0.790" errors="0">
  <testcase name="testUpdataMyUserPushImgSwitch" time="0.790" classname="testcase.me.setting.TestCase005UpdataMyUsePushImgSwitch"/>
</testsuite> <!-- testcase.me.setting.TestCase005UpdataMyUsePushImgSwitch -->
