<?xml version="1.0" encoding="UTF-8"?>
<!-- Generated by org.testng.reporters.JUnitReportReporter -->
<testsuite skipped="0" hostname="SC-201708241537" name="testcase.me.setting.TestCase001GetMyUserConfig" tests="1" failures="0" timestamp="10 十一月 2017 04:54:46 GMT" time="0.543" errors="0">
  <testcase name="testUserSexUpdate" time="0.543" classname="testcase.me.setting.TestCase001GetMyUserConfig"/>
</testsuite> <!-- testcase.me.setting.TestCase001GetMyUserConfig -->
