<?xml version="1.0" encoding="UTF-8"?>
<!-- Generated by org.testng.reporters.JUnitReportReporter -->
<testsuite skipped="0" hostname="SC-201708241537" name="testcase.me.TestCase004UsernameUpdate" tests="1" failures="0" timestamp="13 十二月 2017 17:39:20 GMT" time="1.610" errors="0">
  <testcase name="testUsernameUpdate" time="1.610" classname="testcase.me.TestCase004UsernameUpdate"/>
</testsuite> <!-- testcase.me.TestCase004UsernameUpdate -->
