<?xml version="1.0" encoding="UTF-8"?>
<!-- Generated by org.testng.reporters.JUnitReportReporter -->
<testsuite skipped="0" hostname="SC-201708241537" name="testcase.me.callAndSmsAlarm.TestCase007BindCsAlarmAndImeis" tests="1" failures="0" timestamp="13 十二月 2017 17:38:32 GMT" time="1.207" errors="0">
  <testcase name="testBindCsAlarmAndImeis" time="1.207" classname="testcase.me.callAndSmsAlarm.TestCase007BindCsAlarmAndImeis"/>
</testsuite> <!-- testcase.me.callAndSmsAlarm.TestCase007BindCsAlarmAndImeis -->
