<?xml version="1.0" encoding="UTF-8"?>
<!-- Generated by org.testng.reporters.JUnitReportReporter -->
<testsuite skipped="0" hostname="SC-201708241537" name="testcase.me.TestCase003UserIconUpdate" tests="1" failures="0" timestamp="13 十二月 2017 17:39:12 GMT" time="0.224" errors="0">
  <testcase name="testUserIconUpdate" time="0.224" classname="testcase.me.TestCase003UserIconUpdate"/>
</testsuite> <!-- testcase.me.TestCase003UserIconUpdate -->
