<?xml version="1.0" encoding="UTF-8"?>
<!-- Generated by org.testng.reporters.JUnitReportReporter -->
<testsuite skipped="0" hostname="SC-201708241537" name="testcase.me.TestCase006CityNameUpdate" tests="1" failures="0" timestamp="13 十二月 2017 17:39:34 GMT" time="0.915" errors="0">
  <testcase name="testUserCityNameUpdate" time="0.915" classname="testcase.me.TestCase006CityNameUpdate"/>
</testsuite> <!-- testcase.me.TestCase006CityNameUpdate -->
