<?xml version="1.0" encoding="UTF-8"?>
<!-- Generated by org.testng.reporters.JUnitReportReporter -->
<testsuite skipped="0" hostname="SC-201708241537" name="testcase.me.callAndSmsAlarm.TestCase001GetCsResidueDegree" tests="1" failures="0" timestamp="13 十二月 2017 17:36:53 GMT" time="0.420" errors="0">
  <testcase name="testGetCsResidueDegree" time="0.420" classname="testcase.me.callAndSmsAlarm.TestCase001GetCsResidueDegree"/>
</testsuite> <!-- testcase.me.callAndSmsAlarm.TestCase001GetCsResidueDegree -->
