<?xml version="1.0" encoding="UTF-8"?>
<!-- Generated by org.testng.reporters.JUnitReportReporter -->
<testsuite skipped="0" hostname="SC-201708241537" name="testcase.me.TestCase007SexUpdate" tests="1" failures="0" timestamp="13 十二月 2017 17:39:42 GMT" time="0.980" errors="0">
  <testcase name="testUserSexUpdate" time="0.980" classname="testcase.me.TestCase007SexUpdate"/>
</testsuite> <!-- testcase.me.TestCase007SexUpdate -->
