<?xml version="1.0" encoding="UTF-8"?>
<!-- Generated by org.testng.reporters.JUnitReportReporter -->
<testsuite skipped="0" hostname="SC-201708241537" name="testcase.me.setting.TestCase004UpdataMyUserAlarmSwitch" tests="1" failures="0" timestamp="10 十一月 2017 05:38:20 GMT" time="0.733" errors="0">
  <testcase name="testUpdataMyUserSharkSwitch" time="0.733" classname="testcase.me.setting.TestCase004UpdataMyUserAlarmSwitch"/>
</testsuite> <!-- testcase.me.setting.TestCase004UpdataMyUserAlarmSwitch -->
