<?xml version="1.0" encoding="UTF-8"?>
<!-- Generated by org.testng.reporters.JUnitReportReporter -->
<testsuite skipped="0" hostname="SC-201708241537" name="testcase.me.callAndSmsAlarm.TestCase006DeleteCsAlarmSet" tests="1" failures="0" timestamp="13 十二月 2017 17:38:25 GMT" time="0.494" errors="0">
  <testcase name="testDeleteCsAlarmSet" time="0.494" classname="testcase.me.callAndSmsAlarm.TestCase006DeleteCsAlarmSet"/>
</testsuite> <!-- testcase.me.callAndSmsAlarm.TestCase006DeleteCsAlarmSet -->
