<?xml version="1.0" encoding="UTF-8"?>
<!-- Generated by org.testng.reporters.JUnitReportReporter -->
<testsuite skipped="0" hostname="SC-201708241537" name="testcase.me.setting.TestCase006UpdataMyUsePushVideoSwitch" tests="1" failures="0" timestamp="10 十一月 2017 05:59:30 GMT" time="1.181" errors="0">
  <testcase name="testUpdataMyUserPushVideoSwitch" time="1.181" classname="testcase.me.setting.TestCase006UpdataMyUsePushVideoSwitch"/>
</testsuite> <!-- testcase.me.setting.TestCase006UpdataMyUsePushVideoSwitch -->
