<?xml version="1.0" encoding="UTF-8"?>
<!-- Generated by org.testng.reporters.JUnitReportReporter -->
<testsuite skipped="0" hostname="SC-201708241537" name="testcase.me.callAndSmsAlarm.TestCase005UpdateCsAlarmSet" tests="2" failures="0" timestamp="13 十二月 2017 17:38:16 GMT" time="0.983" errors="0">
  <testcase name="testUpdateCsAlarmSetSuccess" time="0.467" classname="testcase.me.callAndSmsAlarm.TestCase005UpdateCsAlarmSet"/>
  <testcase name="testUpdateCsAlarmSetRepeat" time="0.516" classname="testcase.me.callAndSmsAlarm.TestCase005UpdateCsAlarmSet"/>
</testsuite> <!-- testcase.me.callAndSmsAlarm.TestCase005UpdateCsAlarmSet -->
