<?xml version="1.0" encoding="UTF-8"?>
<!-- Generated by org.testng.reporters.JUnitReportReporter -->
<testsuite skipped="0" hostname="SC-201708241537" name="testcase.me.TestCase002OauthTokenQiniu" tests="1" failures="0" timestamp="13 十二月 2017 17:39:05 GMT" time="0.174" errors="0">
  <testcase name="testOauthTokenQiniu" time="0.174" classname="testcase.me.TestCase002OauthTokenQiniu"/>
</testsuite> <!-- testcase.me.TestCase002OauthTokenQiniu -->
