<?xml version="1.0" encoding="UTF-8"?>
<!-- Generated by org.testng.reporters.JUnitReportReporter -->
<testsuite skipped="0" hostname="SC-201708241537" name="testcase.loginAuthentication.GetKaptcha" tests="1" failures="0" timestamp="17 十月 2017 12:16:17 GMT" time="0.313" errors="0">
  <testcase name="get" time="0.313" classname="testcase.loginAuthentication.GetKaptcha"/>
</testsuite> <!-- testcase.loginAuthentication.GetKaptcha -->
