<?xml version="1.0" encoding="UTF-8"?>
<!-- Generated by org.testng.reporters.JUnitReportReporter -->
<testsuite skipped="0" hostname="SC-201708241537" name="testcase.loginAuthentication.TestCase004RefrehToken" tests="1" failures="0" timestamp="13 十二月 2017 17:33:59 GMT" time="0.212" errors="0">
  <testcase name="testRefrehToken" time="0.212" classname="testcase.loginAuthentication.TestCase004RefrehToken"/>
</testsuite> <!-- testcase.loginAuthentication.TestCase004RefrehToken -->
